<?xml version="1.0"?>
<extensions>
	
	<details>
		<title lang="EN">Accuradio V1.* Plugin repo</title>
	</details>
	
	<plugins>
		<plugin name="Accuradio" version="1.0" minTarget="8.3" maxTarget="*">
			<title lang="EN">Accuradio V1.*</title>
			<desc  lang="EN">Accuradio - provides access to Accuradio streams</desc>
			<creator>bpa</creator>
			<url>https://bpa-code.github.io/bpaplugins/Accuradio-V1_0.ZIP</url>
			<sha>4059f87bdc867f858963433ccf3341ae87ba821c</sha>
		</plugin>
	</plugins>
	
</extensions>
